<?xml version="1.0" encoding="UTF-8"?>
<testng-results ignored="0" total="1" passed="1" failed="0" skipped="0">
  <reporter-output>
  </reporter-output>
  <suite started-at="2023-01-16T16:49:14 IST" name="Default suite" finished-at="2023-01-16T16:49:27 IST" duration-ms="13132">
    <groups>
    </groups>
    <test started-at="2023-01-16T16:49:14 IST" name="Default test" finished-at="2023-01-16T16:49:27 IST" duration-ms="13132">
      <class name="propack.Abc">
        <test-method signature="orangehrm()[pri:0, instance:propack.Abc@2177849e]" started-at="2023-01-16T16:49:14 IST" name="orangehrm" finished-at="2023-01-16T16:49:27 IST" duration-ms="13105" status="PASS">
          <reporter-output>
          </reporter-output>
        </test-method> <!-- orangehrm -->
      </class> <!-- propack.Abc -->
    </test> <!-- Default test -->
  </suite> <!-- Default suite -->
</testng-results>
